C:\Users\Evert\Documents\Visual Studio 2010\Projects\Project_KB01\Debug\GameEngine.pdb
C:\Users\Evert\Documents\Visual Studio 2010\Projects\Project_KB01\GameEngine\Debug\cl.command.1.tlog
C:\Users\Evert\Documents\Visual Studio 2010\Projects\Project_KB01\GameEngine\Debug\CL.read.1.tlog
C:\Users\Evert\Documents\Visual Studio 2010\Projects\Project_KB01\GameEngine\Debug\CL.write.1.tlog
C:\USERS\EVERT\DOCUMENTS\VISUAL STUDIO 2010\PROJECTS\PROJECT_KB01\GAMEENGINE\DEBUG\GAMEENGINE.EXE.EMBED.MANIFEST
C:\USERS\EVERT\DOCUMENTS\VISUAL STUDIO 2010\PROJECTS\PROJECT_KB01\GAMEENGINE\DEBUG\GAMEENGINE.EXE.EMBED.MANIFEST.RES
C:\Users\Evert\Documents\Visual Studio 2010\Projects\Project_KB01\GameEngine\Debug\GameEngine.exe.intermediate.manifest
C:\USERS\EVERT\DOCUMENTS\VISUAL STUDIO 2010\PROJECTS\PROJECT_KB01\GAMEENGINE\DEBUG\GAMEENGINE.OBJ
C:\USERS\EVERT\DOCUMENTS\VISUAL STUDIO 2010\PROJECTS\PROJECT_KB01\GAMEENGINE\DEBUG\GAMEENGINE.PCH
C:\Users\Evert\Documents\Visual Studio 2010\Projects\Project_KB01\GameEngine\Debug\GameEngine.vcxprojResolveAssemblyReference.cache
C:\Users\Evert\Documents\Visual Studio 2010\Projects\Project_KB01\GameEngine\Debug\GameEngine.write.1.tlog
C:\Users\Evert\Documents\Visual Studio 2010\Projects\Project_KB01\GameEngine\Debug\GameEngine_manifest.rc
C:\Users\Evert\Documents\Visual Studio 2010\Projects\Project_KB01\GameEngine\Debug\link.3120.read.1.tlog
C:\Users\Evert\Documents\Visual Studio 2010\Projects\Project_KB01\GameEngine\Debug\link.3120.write.1.tlog
C:\Users\Evert\Documents\Visual Studio 2010\Projects\Project_KB01\GameEngine\Debug\link.3120-cvtres.read.1.tlog
C:\Users\Evert\Documents\Visual Studio 2010\Projects\Project_KB01\GameEngine\Debug\link.3120-cvtres.write.1.tlog
C:\Users\Evert\Documents\Visual Studio 2010\Projects\Project_KB01\GameEngine\Debug\link.3868.read.1.tlog
C:\Users\Evert\Documents\Visual Studio 2010\Projects\Project_KB01\GameEngine\Debug\link.3868.write.1.tlog
C:\Users\Evert\Documents\Visual Studio 2010\Projects\Project_KB01\GameEngine\Debug\link.3868-cvtres.read.1.tlog
C:\Users\Evert\Documents\Visual Studio 2010\Projects\Project_KB01\GameEngine\Debug\link.3868-cvtres.write.1.tlog
C:\Users\Evert\Documents\Visual Studio 2010\Projects\Project_KB01\GameEngine\Debug\link.7228.read.1.tlog
C:\Users\Evert\Documents\Visual Studio 2010\Projects\Project_KB01\GameEngine\Debug\link.7228.write.1.tlog
C:\Users\Evert\Documents\Visual Studio 2010\Projects\Project_KB01\GameEngine\Debug\link.7228-cvtres.read.1.tlog
C:\Users\Evert\Documents\Visual Studio 2010\Projects\Project_KB01\GameEngine\Debug\link.7228-cvtres.write.1.tlog
C:\Users\Evert\Documents\Visual Studio 2010\Projects\Project_KB01\GameEngine\Debug\link.7496.read.1.tlog
C:\Users\Evert\Documents\Visual Studio 2010\Projects\Project_KB01\GameEngine\Debug\link.7496.write.1.tlog
C:\Users\Evert\Documents\Visual Studio 2010\Projects\Project_KB01\GameEngine\Debug\link.7496-cvtres.read.1.tlog
C:\Users\Evert\Documents\Visual Studio 2010\Projects\Project_KB01\GameEngine\Debug\link.7496-cvtres.write.1.tlog
C:\Users\Evert\Documents\Visual Studio 2010\Projects\Project_KB01\GameEngine\Debug\link.7968.read.1.tlog
C:\Users\Evert\Documents\Visual Studio 2010\Projects\Project_KB01\GameEngine\Debug\link.7968.write.1.tlog
C:\Users\Evert\Documents\Visual Studio 2010\Projects\Project_KB01\GameEngine\Debug\link.7968-cvtres.read.1.tlog
C:\Users\Evert\Documents\Visual Studio 2010\Projects\Project_KB01\GameEngine\Debug\link.7968-cvtres.write.1.tlog
C:\Users\Evert\Documents\Visual Studio 2010\Projects\Project_KB01\GameEngine\Debug\link.8128.read.1.tlog
C:\Users\Evert\Documents\Visual Studio 2010\Projects\Project_KB01\GameEngine\Debug\link.8128.write.1.tlog
C:\Users\Evert\Documents\Visual Studio 2010\Projects\Project_KB01\GameEngine\Debug\link.8128-cvtres.read.1.tlog
C:\Users\Evert\Documents\Visual Studio 2010\Projects\Project_KB01\GameEngine\Debug\link.8128-cvtres.write.1.tlog
C:\Users\Evert\Documents\Visual Studio 2010\Projects\Project_KB01\GameEngine\Debug\link.command.1.tlog
C:\Users\Evert\Documents\Visual Studio 2010\Projects\Project_KB01\GameEngine\Debug\link.read.1.tlog
C:\Users\Evert\Documents\Visual Studio 2010\Projects\Project_KB01\GameEngine\Debug\link.write.1.tlog
C:\Users\Evert\Documents\Visual Studio 2010\Projects\Project_KB01\GameEngine\Debug\link-cvtres.read.1.tlog
C:\Users\Evert\Documents\Visual Studio 2010\Projects\Project_KB01\GameEngine\Debug\link-cvtres.write.1.tlog
C:\USERS\EVERT\DOCUMENTS\VISUAL STUDIO 2010\PROJECTS\PROJECT_KB01\GAMEENGINE\DEBUG\LOGGER.OBJ
C:\Users\Evert\Documents\Visual Studio 2010\Projects\Project_KB01\GameEngine\Debug\mt.command.1.tlog
C:\Users\Evert\Documents\Visual Studio 2010\Projects\Project_KB01\GameEngine\Debug\mt.read.1.tlog
C:\Users\Evert\Documents\Visual Studio 2010\Projects\Project_KB01\GameEngine\Debug\mt.write.1.tlog
C:\Users\Evert\Documents\Visual Studio 2010\Projects\Project_KB01\GameEngine\Debug\rc.command.1.tlog
C:\Users\Evert\Documents\Visual Studio 2010\Projects\Project_KB01\GameEngine\Debug\rc.read.1.tlog
C:\Users\Evert\Documents\Visual Studio 2010\Projects\Project_KB01\GameEngine\Debug\rc.write.1.tlog
C:\USERS\EVERT\DOCUMENTS\VISUAL STUDIO 2010\PROJECTS\PROJECT_KB01\GAMEENGINE\DEBUG\STDAFX.OBJ
C:\Users\Evert\Documents\Visual Studio 2010\Projects\Project_KB01\GameEngine\Debug\vc100.idb
C:\USERS\EVERT\DOCUMENTS\VISUAL STUDIO 2010\PROJECTS\PROJECT_KB01\GAMEENGINE\DEBUG\VC100.PDB
C:\USERS\SHA\DESKTOP\PRJECMINORKB01\PROJECT_KB01\GAMEENGINE\DEBUG\GAMEENGINE.EXE.EMBED.MANIFEST.RES
C:\USERS\SHA\DESKTOP\PRJECMINORKB01\PROJECT_KB01\GAMEENGINE\DEBUG\GAMEENGINE.OBJ
C:\USERS\SHA\DESKTOP\PRJECMINORKB01\PROJECT_KB01\GAMEENGINE\DEBUG\GAMEENGINE.PCH
C:\USERS\SHA\DESKTOP\PRJECMINORKB01\PROJECT_KB01\GAMEENGINE\DEBUG\LOGGER.OBJ
C:\USERS\SHA\DESKTOP\PRJECMINORKB01\PROJECT_KB01\GAMEENGINE\DEBUG\STDAFX.OBJ
C:\USERS\SHA\DESKTOP\PRJECMINORKB01\PROJECT_KB01\GAMEENGINE\DEBUG\VC100.PDB
