Build started 2014-11-19 11:46:00.
     1>Project "C:\Users\sha\Desktop\prjecminorkb01\Project_KB01\GameEngine\GameEngine.vcxproj" on node 2 (build target(s)).
     1>InitializeBuildStatus:
         Touching "Debug\GameEngine.unsuccessfulbuild".
       ClCompile:
         All outputs are up-to-date.
         C:\Program Files (x86)\Microsoft Visual Studio 10.0\VC\bin\CL.exe /c /ZI /nologo /W3 /WX- /Od /Oy- /D WIN32 /D _DEBUG /D _CONSOLE /D _UNICODE /D UNICODE /Gm /EHsc /RTC1 /MDd /GS /fp:precise /Zc:wchar_t /Zc:forScope /Yu"StdAfx.h" /Fp"Debug\GameEngine.pch" /Fo"Debug\\" /Fd"Debug\vc100.pdb" /Gd /TP /analyze- /errorReport:prompt Logger.cpp
         Logger.cpp
     1>c:\users\sha\desktop\prjecminorkb01\project_kb01\gameengine\logger.cpp(26): warning C4101: 'get_time' : unreferenced local variable
       ManifestResourceCompile:
         All outputs are up-to-date.
       Link:
         C:\Program Files (x86)\Microsoft Visual Studio 10.0\VC\bin\link.exe /ERRORREPORT:PROMPT /OUT:"C:\Users\sha\Desktop\prjecminorkb01\Project_KB01\Debug\GameEngine.exe" /INCREMENTAL /NOLOGO kernel32.lib user32.lib gdi32.lib winspool.lib comdlg32.lib advapi32.lib shell32.lib ole32.lib oleaut32.lib uuid.lib odbc32.lib odbccp32.lib /MANIFEST /ManifestFile:"Debug\GameEngine.exe.intermediate.manifest" /MANIFESTUAC:"level='asInvoker' uiAccess='false'" /DEBUG /PDB:"C:\Users\sha\Desktop\prjecminorkb01\Project_KB01\Debug\GameEngine.pdb" /SUBSYSTEM:CONSOLE /TLBID:1 /DYNAMICBASE /NXCOMPAT /IMPLIB:"C:\Users\sha\Desktop\prjecminorkb01\Project_KB01\Debug\GameEngine.lib" /MACHINE:X86 Debug\GameEngine.exe.embed.manifest.res
         Debug\GameEngine.obj
         Debug\Logger.obj
         Debug\stdafx.obj
     1>LINK : fatal error LNK1123: failure during conversion to COFF: file invalid or corrupt
     1>Done Building Project "C:\Users\sha\Desktop\prjecminorkb01\Project_KB01\GameEngine\GameEngine.vcxproj" (build target(s)) -- FAILED.

Build FAILED.

Time Elapsed 00:00:00.89
